1598867793182	geckodriver	INFO	Listening on 127.0.0.1:64365
1598867796212	mozrunner::runner	INFO	Running command: "C:\\Program Files (x86)\\Mozilla Firefox\\firefox.exe" "--marionette" "-foreground" "-no-remote" "-profile" "C:\\Users\\1104421\\AppData\\Local\\Temp\\rust_mozprofileGYOXLK"
JavaScript error: resource://gre/modules/XULStore.jsm, line 66: Error: Can't find profile directory.
console.error: SearchCache: "_readCacheFile: Error reading cache file:" (new Error("", "(unknown module)"))
1598867798262	Marionette	INFO	Listening on port 64373
1598867798322	Marionette	WARN	TLS certificate errors will be ignored for this session
1598867804129	Marionette	INFO	Stopped listening on port 64373

###!!! [Child][RunMessage] Error: Channel closing: too late to send/recv, messages will be lost


###!!! [Child][MessageChannel::SendAndWait] Error: Channel error: cannot send/recv

1598867939841	geckodriver	INFO	Listening on 127.0.0.1:64733
1598867942872	mozrunner::runner	INFO	Running command: "C:\\Program Files (x86)\\Mozilla Firefox\\firefox.exe" "--marionette" "-foreground" "-no-remote" "-profile" "C:\\Users\\1104421\\AppData\\Local\\Temp\\rust_mozprofilern3qeB"
JavaScript error: resource://gre/modules/XULStore.jsm, line 66: Error: Can't find profile directory.
console.error: SearchCache: "_readCacheFile: Error reading cache file:" (new Error("", "(unknown module)"))
1598867944953	Marionette	INFO	Listening on port 64741
1598867944986	Marionette	WARN	TLS certificate errors will be ignored for this session
1598867978434	Marionette	INFO	Stopped listening on port 64741

###!!! [Child][RunMessage] Error: Channel closing: too late to send/recv, messages will be lost


###!!! [Child][MessageChannel::SendAndWait] Error: Channel error: cannot send/recv

1598867982009	geckodriver	INFO	Listening on 127.0.0.1:64821
1598867985039	mozrunner::runner	INFO	Running command: "C:\\Program Files (x86)\\Mozilla Firefox\\firefox.exe" "--marionette" "-foreground" "-no-remote" "-profile" "C:\\Users\\1104421\\AppData\\Local\\Temp\\rust_mozprofilehDhsKZ"
JavaScript error: resource://gre/modules/XULStore.jsm, line 66: Error: Can't find profile directory.
console.error: SearchCache: "_readCacheFile: Error reading cache file:" (new Error("", "(unknown module)"))
1598867987151	Marionette	INFO	Listening on port 64839
1598867987164	Marionette	WARN	TLS certificate errors will be ignored for this session
1598867992495	Marionette	INFO	Stopped listening on port 64839

###!!! [Child][RunMessage] Error: Channel closing: too late to send/recv, messages will be lost


###!!! [Child][MessageChannel::SendAndWait] Error: Channel error: cannot send/recv

1598868055534	geckodriver	INFO	Listening on 127.0.0.1:64938
1598868058547	mozrunner::runner	INFO	Running command: "C:\\Program Files (x86)\\Mozilla Firefox\\firefox.exe" "--marionette" "-foreground" "-no-remote" "-profile" "C:\\Users\\1104421\\AppData\\Local\\Temp\\rust_mozprofileVUeqGy"
JavaScript error: resource://gre/modules/XULStore.jsm, line 66: Error: Can't find profile directory.
console.error: SearchCache: "_readCacheFile: Error reading cache file:" (new Error("", "(unknown module)"))
1598868060712	Marionette	INFO	Listening on port 64946
1598868061160	Marionette	WARN	TLS certificate errors will be ignored for this session
console.error: Region.jsm: "Error fetching region" (new AbortError("The operation was aborted. ", (void 0), 636))
console.error: Region.jsm: "Failed to fetch region" (new Error("NO_RESULT", "resource://gre/modules/Region.jsm", 343))
1598868070167	Marionette	INFO	Stopped listening on port 64946

###!!! [Child][RunMessage] Error: Channel closing: too late to send/recv, messages will be lost


###!!! [Child][MessageChannel::SendAndWait] Error: Channel error: cannot send/recv

1598868082416	geckodriver	INFO	Listening on 127.0.0.1:65015
1598868085450	mozrunner::runner	INFO	Running command: "C:\\Program Files (x86)\\Mozilla Firefox\\firefox.exe" "--marionette" "-foreground" "-no-remote" "-profile" "C:\\Users\\1104421\\AppData\\Local\\Temp\\rust_mozprofileem57XA"
JavaScript error: resource://gre/modules/XULStore.jsm, line 66: Error: Can't find profile directory.
console.error: SearchCache: "_readCacheFile: Error reading cache file:" (new Error("", "(unknown module)"))
1598868087603	Marionette	INFO	Listening on port 65026
1598868088061	Marionette	WARN	TLS certificate errors will be ignored for this session
console.error: Region.jsm: "Error fetching region" (new AbortError("The operation was aborted. ", (void 0), 636))
console.error: Region.jsm: "Failed to fetch region" (new Error("NO_RESULT", "resource://gre/modules/Region.jsm", 343))
1598868098732	Marionette	INFO	Stopped listening on port 65026

###!!! [Child][RunMessage] Error: Channel closing: too late to send/recv, messages will be lost


###!!! [Child][MessageChannel::SendAndWait] Error: Channel error: cannot send/recv

1598868101901	geckodriver	INFO	Listening on 127.0.0.1:65126
1598868104946	mozrunner::runner	INFO	Running command: "C:\\Program Files (x86)\\Mozilla Firefox\\firefox.exe" "--marionette" "-foreground" "-no-remote" "-profile" "C:\\Users\\1104421\\AppData\\Local\\Temp\\rust_mozprofilexbna1d"
JavaScript error: resource://gre/modules/XULStore.jsm, line 66: Error: Can't find profile directory.
console.error: SearchCache: "_readCacheFile: Error reading cache file:" (new Error("", "(unknown module)"))
1598868106980	Marionette	INFO	Listening on port 65135
1598868107053	Marionette	WARN	TLS certificate errors will be ignored for this session
console.error: Region.jsm: "Error fetching region" (new AbortError("The operation was aborted. ", (void 0), 636))
console.error: Region.jsm: "Failed to fetch region" (new Error("NO_RESULT", "resource://gre/modules/Region.jsm", 343))
1598868116622	Marionette	INFO	Stopped listening on port 65135

###!!! [Child][RunMessage] Error: Channel closing: too late to send/recv, messages will be lost


###!!! [Child][MessageChannel::SendAndWait] Error: Channel error: cannot send/recv

1598868127783	geckodriver	INFO	Listening on 127.0.0.1:65242
1598868130807	mozrunner::runner	INFO	Running command: "C:\\Program Files (x86)\\Mozilla Firefox\\firefox.exe" "--marionette" "-foreground" "-no-remote" "-profile" "C:\\Users\\1104421\\AppData\\Local\\Temp\\rust_mozprofileUqxdOR"
JavaScript error: resource://gre/modules/XULStore.jsm, line 66: Error: Can't find profile directory.
console.error: SearchCache: "_readCacheFile: Error reading cache file:" (new Error("", "(unknown module)"))
1598868132886	Marionette	INFO	Listening on port 65251
1598868132920	Marionette	WARN	TLS certificate errors will be ignored for this session
1598868142748	Marionette	INFO	Stopped listening on port 65251

###!!! [Child][RunMessage] Error: Channel closing: too late to send/recv, messages will be lost


###!!! [Child][MessageChannel::SendAndWait] Error: Channel error: cannot send/recv

1598868149195	geckodriver	INFO	Listening on 127.0.0.1:65343
1598868152217	mozrunner::runner	INFO	Running command: "C:\\Program Files (x86)\\Mozilla Firefox\\firefox.exe" "--marionette" "-foreground" "-no-remote" "-profile" "C:\\Users\\1104421\\AppData\\Local\\Temp\\rust_mozprofile5l0Xrr"
JavaScript error: resource://gre/modules/XULStore.jsm, line 66: Error: Can't find profile directory.
console.error: SearchCache: "_readCacheFile: Error reading cache file:" (new Error("", "(unknown module)"))
1598868154254	Marionette	INFO	Listening on port 65353
1598868154326	Marionette	WARN	TLS certificate errors will be ignored for this session
console.error: Region.jsm: "Error fetching region" (new AbortError("The operation was aborted. ", (void 0), 636))
console.error: Region.jsm: "Failed to fetch region" (new Error("NO_RESULT", "resource://gre/modules/Region.jsm", 343))
1598868167733	Marionette	INFO	Stopped listening on port 65353

###!!! [Child][MessageChannel::SendAndWait] Error: Channel error: cannot send/recv

1599025513431	geckodriver	INFO	Listening on 127.0.0.1:52899
1599025516469	mozrunner::runner	INFO	Running command: "C:\\Program Files (x86)\\Mozilla Firefox\\firefox.exe" "--marionette" "-foreground" "-no-remote" "-profile" "C:\\Users\\1104421\\AppData\\Local\\Temp\\rust_mozprofileQFQf5s"
1599025569344	geckodriver	INFO	Listening on 127.0.0.1:52944
1599025572370	mozrunner::runner	INFO	Running command: "C:\\Program Files (x86)\\Mozilla Firefox\\firefox.exe" "--marionette" "-foreground" "-no-remote" "-profile" "C:\\Users\\1104421\\AppData\\Local\\Temp\\rust_mozprofilerBhqIz"
JavaScript error: resource://gre/modules/XULStore.jsm, line 66: Error: Can't find profile directory.
console.error: SearchCache: "_readCacheFile: Error reading cache file:" (new Error("", "(unknown module)"))
1599025574635	Marionette	INFO	Listening on port 52952
1599025574982	Marionette	WARN	TLS certificate errors will be ignored for this session
1599025575014	Marionette	INFO	Stopped listening on port 52952
console.error: services.settings: 
  main/cfr Signature failed  TypeError: NetworkError when attempting to fetch resource.
console.error: Region.jsm: "Error fetching region" (new TypeError("NetworkError when attempting to fetch resource.", ""))
console.error: Region.jsm: "Failed to fetch region" (new Error("NO_RESULT", "resource://gre/modules/Region.jsm", 343))
[Parent 4984, Gecko_IOThread] WARNING: file /builds/worker/checkouts/gecko/ipc/chromium/src/base/process_util_win.cc, line 166

###!!! [Child][RunMessage] Error: Channel closing: too late to send/recv, messages will be lost


###!!! [Child][MessageChannel::SendAndWait] Error: Channel error: cannot send/recv

1599025695946	geckodriver	INFO	Listening on 127.0.0.1:52992
1599025698973	mozrunner::runner	INFO	Running command: "C:\\Program Files (x86)\\Mozilla Firefox\\firefox.exe" "--marionette" "-foreground" "-no-remote" "-profile" "C:\\Users\\1104421\\AppData\\Local\\Temp\\rust_mozprofileWx6wNZ"
JavaScript error: resource://gre/modules/XULStore.jsm, line 66: Error: Can't find profile directory.
console.error: SearchCache: "_readCacheFile: Error reading cache file:" (new Error("", "(unknown module)"))
1599025701188	Marionette	INFO	Listening on port 53000
1599025701585	Marionette	WARN	TLS certificate errors will be ignored for this session
1599025701615	Marionette	INFO	Stopped listening on port 53000
console.error: Region.jsm: "Error fetching region" (new TypeError("NetworkError when attempting to fetch resource.", ""))
console.error: Region.jsm: "Failed to fetch region" (new Error("NO_RESULT", "resource://gre/modules/Region.jsm", 343))

###!!! [Child][RunMessage] Error: Channel closing: too late to send/recv, messages will be lost


###!!! [Child][MessageChannel::SendAndWait] Error: Channel error: cannot send/recv

1599025744236	geckodriver	INFO	Listening on 127.0.0.1:53040
1599025747247	mozrunner::runner	INFO	Running command: "C:\\P1599025749573	mozrunner::runner	INFO	Running command: "C:\\Program Files (x86)\\Mozilla Firefox\\firefox.exe" "--marionette" "-foreground" "-no-remote" "-profile" "C:\\Users\\1104421\\AppData\\Local\\Temp\\rust_mozprofiletyfPC8"
JavaScript error: resource://gre/modules/XULStore.jsm, line 66: Error: Can't find profile directory.
console.error: SearchCache: "_readCacheFile: Error reading cache file:" (new Error("", "(unknown module)"))
1599025752117	Marionette	INFO	Listening on port 53087
1599025752198	Marionette	WA1599025766550	Marionette	INFO	Stopped listening on port 53051

###!!! [Child][RunMessage] Error: Channel closing: too late to send/recv, messages will be lost


###!!! [Child][MessageChannel::SendAndWait] Error: Channel error: cannot send/recv

nel::SendAndWait] Error: Channel error: cannot send/recv

1599025778337	geckodriver	INFO	Listening on 127.0.0.1:53125
1599025781357	mozrunner::runner	INFO	Running command: "C:\\Program Files (x86)\\Mozilla Firefox\\firefox.exe" "--marionette" "-foreground" "-no-remote" "-profile" "C:\\Users\\1104421\\AppData\\Local\\Temp\\rust_mozprofileEE9A9Y"
JavaScript error: resource://gre/modules/XULStore.jsm, line 66: Error: Can't find profile directory.
console.error: SearchCache: "_readCacheFile: Error reading cache file:" (new Error("", "(unknown module)"))
1599025783622	Marionette	INFO	Listening on port 53133
1599025783967	Marionette	WARN	TLS certificate errors will be ignored for this session
1599025783998	Marionette	INFO	Stopped listening on port 53133
console.error: Region.jsm: "Error fetching region" (new TypeError("NetworkError when attempting to fetch resource.", ""))
console.error: Region.jsm: "Failed to fetch region" (new Error("NO_RESULT", "resource://gre/modules/Region.jsm", 343))
[Parent 18620, Gecko_IOThread] WARNING: file /builds/worker/checkouts/gecko/ipc/chromium/src/base/process_util_win.cc, line 166

###!!! [Child][RunMessage] Error: Channel closing: too late to send/recv, messages will be lost


###!!! [Child][MessageChannel::SendAndWait] Error: Channel error: cannot send/recv

1599025809559	geckodriver	INFO	Listening on 127.0.0.1:53167
1599025812586	mozrunner::runner	INFO	Running command: "C:\\Program Files (x86)\\Mozilla Firefox\\firefox.exe" "--marionette" "-foreground" "-no-remote" "-profile" "C:\\Users\\1104421\\AppData\\Local\\Temp\\rust_mozprofilevoAs9O"
JavaScript error: resource://gre/modules/XULStore.jsm, line 66: Error: Can't find profile directory.
console.error: SearchCache: "_readCacheFile: Error reading cache file:" (new Error("", "(unknown module)"))
1599025814791	Marionette	INFO	Listening on port 53175
1599025815198	Marionette	WARN	TLS certificate errors will be ignored for this session
1599025815230	Marionette	INFO	Stopped listening on port 53175
console.error: Region.jsm: "Error fetching region" (new TypeError("NetworkError when attempting to fetch resource.", ""))
console.error: Region.jsm: "Failed to fetch region" (new Error("NO_RESULT", "resource://gre/modules/Region.jsm", 343))

###!!! [Child][RunMessage] Error: Channel closing: too late to send/recv, messages will be lost


###!!! [Child][MessageChannel::SendAndWait] Error: Channel error: cannot send/recv

1599026205516	geckodriver	INFO	Listening on 127.0.0.1:53315
1599026208539	mozrunner::runner	INFO	Running command: "C:\\Program Files (x86)\\Mozilla Firefox\\firefox.exe" "--marionette" "-foreground" "-no-remote" "-profile" "C:\\Users\\1104421\\AppData\\Local\\Temp\\rust_mozprofilegQ2gBk"
JavaScript error: resource://gre/modules/XULStore.jsm, line 66: Error: Can't find profile directory.
console.error: SearchCache: "_readCacheFile: Error reading cache file:" (new Error("", "(unknown module)"))
1599026210808	Marionette	INFO	Listening on port 53323
1599026211153	Marionette	WARN	TLS certificate errors will be ignored for this session
JavaScript error: resource://gre/modules/URIFixup.jsm, line 271: NS_ERROR_FAILURE: Should pass a non-null uri
1599026216823	Marionette	INFO	Stopped listening on port 53323

###!!! [Child][RunMessage] Error: Channel closing: too late to send/recv, messages will be lost


###!!! [Child][MessageChannel::SendAndWait] Error: Channel error: cannot send/recv

